<?xml version="1.0" encoding="UTF-8"?>
<!-- Generated by org.testng.reporters.JUnitReportReporter -->
<testsuite skipped="0" hostname="PC0GL1LP" name="com.OrangeHrm.SauceLab_Integration_Example" tests="1" failures="0" timestamp="2020-12-23T16:09:07 IST" time="20.921" errors="0">
  <testcase name="SauceLab_Example" time="20.921" classname="com.OrangeHrm.SauceLab_Integration_Example"/>
  <system-out/>
</testsuite> <!-- com.OrangeHrm.SauceLab_Integration_Example -->
