<?xml version="1.0" encoding="UTF-8"?>
<!-- Generated by org.testng.reporters.JUnitReportReporter -->
<testsuite skipped="0" hostname="PC0GL1LP" name="com.OrangeHrm.Drag_and_Drop" tests="1" failures="0" timestamp="2020-12-21T17:48:54 IST" time="14.490" errors="0">
  <testcase name="DragDrop" time="14.490" classname="com.OrangeHrm.Drag_and_Drop"/>
  <system-out/>
</testsuite> <!-- com.OrangeHrm.Drag_and_Drop -->
