<?xml version="1.0" encoding="UTF-8"?>
<!-- Generated by org.testng.reporters.JUnitReportReporter -->
<testsuite skipped="0" hostname="PC0GL1LP" name="com.OrangeHrm.Sikuli_Integration_Example" tests="1" failures="0" timestamp="2020-12-22T10:22:47 IST" time="17.592" errors="0">
  <testcase name="FileUpload_UsingSikuli" time="17.592" classname="com.OrangeHrm.Sikuli_Integration_Example"/>
  <system-out/>
</testsuite> <!-- com.OrangeHrm.Sikuli_Integration_Example -->
